<?xml version="1.0" encoding="UTF-8"?>
<testng-results skipped="0" failed="0" ignored="0" total="1" passed="1">
  <reporter-output>
    <line>
      <![CDATA[*****Executing BCR_Test_UpdateProfile*****]]>
    </line>
    <line>
      <![CDATA[Running test in Chrome]]>
    </line>
    <line>
      <![CDATA[Enter username]]>
    </line>
    <line>
      <![CDATA[Enter password]]>
    </line>
    <line>
      <![CDATA[Click login]]>
    </line>
    <line>
      <![CDATA[Click profile]]>
    </line>
    <line>
      <![CDATA[Update first name]]>
    </line>
    <line>
      <![CDATA[Update last name]]>
    </line>
    <line>
      <![CDATA[Update age]]>
    </line>
    <line>
      <![CDATA[Update hobby]]>
    </line>
    <line>
      <![CDATA[Update password]]>
    </line>
    <line>
      <![CDATA[Click Save]]>
    </line>
    <line>
      <![CDATA[Closing the browser]]>
    </line>
    <line>
      <![CDATA[*****Terminating BCR_Test_UpdateProfile*****]]>
    </line>
  </reporter-output>
  <suite name="Default suite" duration-ms="11567" started-at="2023-03-08T08:14:13Z" finished-at="2023-03-08T08:14:25Z">
    <groups>
    </groups>
    <test name="Default test" duration-ms="11567" started-at="2023-03-08T08:14:13Z" finished-at="2023-03-08T08:14:25Z">
      <class name="com.bcr.test.BCR_Test_UpdateProfile">
        <test-method status="PASS" signature="startTest()[pri:0, instance:com.bcr.test.BCR_Test_UpdateProfile@12d3a4e9]" name="startTest" is-config="true" duration-ms="11" started-at="2023-03-08T08:14:13Z" finished-at="2023-03-08T08:14:13Z">
          <reporter-output>
            <line>
              <![CDATA[*****Executing BCR_Test_UpdateProfile*****]]>
            </line>
          </reporter-output>
        </test-method> <!-- startTest -->
        <test-method status="PASS" signature="openUrl()[pri:0, instance:com.bcr.test.BCR_Test_UpdateProfile@12d3a4e9]" name="openUrl" is-config="true" duration-ms="2185" started-at="2023-03-08T08:14:14Z" finished-at="2023-03-08T08:14:16Z">
          <reporter-output>
            <line>
              <![CDATA[Running test in Chrome]]>
            </line>
          </reporter-output>
        </test-method> <!-- openUrl -->
        <test-method status="PASS" signature="updateUserProfile(java.lang.String, java.lang.String, java.lang.String, java.lang.String, java.lang.String, java.lang.String, java.lang.String)[pri:0, instance:com.bcr.test.BCR_Test_UpdateProfile@12d3a4e9]" name="updateUserProfile" duration-ms="8676" started-at="2023-03-08T08:14:16Z" data-provider="testData" finished-at="2023-03-08T08:14:25Z">
          <params>
            <param index="0">
              <value>
                <![CDATA[testX3]]>
              </value>
            </param>
            <param index="1">
              <value>
                <![CDATA[Test@1234]]>
              </value>
            </param>
            <param index="2">
              <value>
                <![CDATA[TestFNameX]]>
              </value>
            </param>
            <param index="3">
              <value>
                <![CDATA[TestLnameX]]>
              </value>
            </param>
            <param index="4">
              <value>
                <![CDATA[46]]>
              </value>
            </param>
            <param index="5">
              <value>
                <![CDATA[Biking]]>
              </value>
            </param>
            <param index="6">
              <value>
                <![CDATA[Test@0123]]>
              </value>
            </param>
          </params>
          <reporter-output>
            <line>
              <![CDATA[Enter username]]>
            </line>
            <line>
              <![CDATA[Enter password]]>
            </line>
            <line>
              <![CDATA[Click login]]>
            </line>
            <line>
              <![CDATA[Click profile]]>
            </line>
            <line>
              <![CDATA[Update first name]]>
            </line>
            <line>
              <![CDATA[Update last name]]>
            </line>
            <line>
              <![CDATA[Update age]]>
            </line>
            <line>
              <![CDATA[Update hobby]]>
            </line>
            <line>
              <![CDATA[Update password]]>
            </line>
            <line>
              <![CDATA[Click Save]]>
            </line>
          </reporter-output>
        </test-method> <!-- updateUserProfile -->
        <test-method status="PASS" signature="closeBrowser()[pri:0, instance:com.bcr.test.BCR_Test_UpdateProfile@12d3a4e9]" name="closeBrowser" is-config="true" duration-ms="1" started-at="2023-03-08T08:14:25Z" finished-at="2023-03-08T08:14:25Z">
          <reporter-output>
            <line>
              <![CDATA[Closing the browser]]>
            </line>
          </reporter-output>
        </test-method> <!-- closeBrowser -->
        <test-method status="PASS" signature="endTest()[pri:0, instance:com.bcr.test.BCR_Test_UpdateProfile@12d3a4e9]" name="endTest" is-config="true" duration-ms="0" started-at="2023-03-08T08:14:25Z" finished-at="2023-03-08T08:14:25Z">
          <reporter-output>
            <line>
              <![CDATA[*****Terminating BCR_Test_UpdateProfile*****]]>
            </line>
          </reporter-output>
        </test-method> <!-- endTest -->
      </class> <!-- com.bcr.test.BCR_Test_UpdateProfile -->
    </test> <!-- Default test -->
  </suite> <!-- Default suite -->
</testng-results>
